<?xml version="1.0" encoding="UTF-8"?>
<testsuite name="com.job.blender.service.DoleServiceImplTest" tests="1" skipped="0" failures="0" errors="0" timestamp="2021-12-08T00:50:29" hostname="yb.local" time="0.103">
  <properties/>
  <testcase name="testDole_WithTreeDestinationAddress_DividedCorrectly" classname="com.job.blender.service.DoleServiceImplTest" time="0.103"/>
  <system-out><![CDATA[]]></system-out>
  <system-err><![CDATA[]]></system-err>
</testsuite>
