<?xml version="1.0" encoding="UTF-8"?>
<testsuite name="com.job.blender.service.AddressServiceImplTest" tests="3" skipped="0" failures="0" errors="0" timestamp="2021-12-08T00:50:29" hostname="yb.local" time="0.002">
  <properties/>
  <testcase name="testGetUserAddresses_NoMatchedAddress_ReturnEmptyList" classname="com.job.blender.service.AddressServiceImplTest" time="0.0"/>
  <testcase name="testCreateDepositAddress_ThenRetrieveTheUserAddresses_BothMatched" classname="com.job.blender.service.AddressServiceImplTest" time="0.001"/>
  <testcase name="testIsDepositAddressExist_ReturnTrue" classname="com.job.blender.service.AddressServiceImplTest" time="0.001"/>
  <system-out><![CDATA[]]></system-out>
  <system-err><![CDATA[]]></system-err>
</testsuite>
