<?xml version="1.0" encoding="UTF-8"?>
<testsuite name="com.job.blender.service.PollServiceImplTest" tests="1" skipped="0" failures="0" errors="0" timestamp="2021-12-08T00:50:29" hostname="yb.local" time="0.008">
  <properties/>
  <testcase name="testPoll" classname="com.job.blender.service.PollServiceImplTest" time="0.008"/>
  <system-out><![CDATA[]]></system-out>
  <system-err><![CDATA[]]></system-err>
</testsuite>
