<?xml version="1.0" encoding="UTF-8"?>
<testsuite name="com.job.blender.service.PollServiceImplTest" tests="1" skipped="0" failures="0" errors="0" timestamp="2021-12-07T15:01:43" hostname="yb.local" time="14.145">
  <properties/>
  <testcase name="testPoll" classname="com.job.blender.service.PollServiceImplTest" time="14.145"/>
  <system-out><![CDATA[]]></system-out>
  <system-err><![CDATA[]]></system-err>
</testsuite>
